\BOOKMARK [1][-]{section.1}{\376\377\210\114\122\027\137\017}{}% 1
\BOOKMARK [2][-]{subsection.1.1}{\376\377\210\114\122\027\137\017\166\204\134\125\137\000\124\214\217\154\177\156}{section.1}% 2
\BOOKMARK [2][-]{subsection.1.2}{\376\377\000G\000r\000a\000m\000e\000r\154\325\122\031}{section.1}% 3
\BOOKMARK [2][-]{subsection.1.3}{\376\377\210\114\122\027\137\017\166\204\213\241\173\227}{section.1}% 4
\BOOKMARK [2][-]{subsection.1.4}{\376\377\000L\000a\000p\000l\000a\000c\000e\133\232\164\006}{section.1}% 5
\BOOKMARK [1][-]{section.2}{\376\377\167\351\226\065}{}% 6
\BOOKMARK [2][-]{subsection.2.1}{\376\377\167\351\226\065\166\204\220\006}{section.2}% 7
\BOOKMARK [2][-]{subsection.2.2}{\376\377\000C\000a\000u\000c\000h\000y\000-\000B\000i\000n\000e\000t\121\154\137\017}{section.2}% 8
\BOOKMARK [1][-]{section.3}{\376\377\176\277\140\047\172\172\225\364}{}% 9
\BOOKMARK [2][-]{subsection.3.1}{\376\377\167\351\226\065\166\204\171\351}{section.3}% 10
\BOOKMARK [2][-]{subsection.3.2}{\376\377\176\277\140\047\145\271\172\013\176\304\166\204\211\343}{section.3}% 11
\BOOKMARK [1][-]{section.4}{\376\377\176\277\140\047\146\040\134\004}{}% 12
\BOOKMARK [2][-]{subsection.4.1}{\376\377\176\277\140\047\146\040\134\004\116\016\167\351\226\065}{section.4}% 13
\BOOKMARK [2][-]{subsection.4.2}{\376\377\176\277\140\047\146\040\134\004\166\204\120\317\116\016\150\070}{section.4}% 14
\BOOKMARK [2][-]{subsection.4.3}{\376\377\116\015\123\330\133\120\172\172\225\364}{section.4}% 15
\BOOKMARK [1][-]{section.5}{\376\377\131\032\230\171\137\017}{}% 16
\BOOKMARK [2][-]{subsection.5.1}{\376\377\131\015\174\373\145\160\131\032\230\171\137\017}{section.5}% 17
\BOOKMARK [2][-]{subsection.5.2}{\376\377\176\323\137\017\124\214\122\044\122\053\137\017}{section.5}% 18
\BOOKMARK [1][-]{section.6}{\376\377\162\171\137\201\120\074}{}% 19
\BOOKMARK [2][-]{subsection.6.1}{\376\377\133\371\211\322\123\026}{section.6}% 20
\BOOKMARK [2][-]{subsection.6.2}{\376\377\147\201\134\017\131\032\230\171\137\017\116\016\000C\000a\000y\000l\000e\000y\000-\000H\000a\000m\000i\000l\000t\000o\000n\133\232\164\006}{section.6}% 21
\BOOKMARK [2][-]{subsection.6.3}{\376\377\162\171\137\201\120\074\166\204\117\060\213\241}{section.6}% 22
\BOOKMARK [1][-]{section.7}{\376\377\166\370\117\074\150\007\121\306\127\213}{}% 23
\BOOKMARK [2][-]{subsection.7.1}{\376\377\131\032\230\171\137\017\167\351\226\065}{section.7}% 24
\BOOKMARK [2][-]{subsection.7.2}{\376\377\167\351\226\065\166\204\154\325\137\017}{section.7}% 25
\BOOKMARK [2][-]{subsection.7.3}{\376\377\116\015\123\330\126\340\133\120}{section.7}% 26
\BOOKMARK [2][-]{subsection.7.4}{\376\377\147\011\164\006\150\007\121\306\127\213}{section.7}% 27
\BOOKMARK [2][-]{subsection.7.5}{\376\377\122\035\173\111\126\340\133\120}{section.7}% 28
\BOOKMARK [2][-]{subsection.7.6}{\376\377\000J\000o\000r\000d\000a\000n\150\007\121\306\127\213}{section.7}% 29
\BOOKMARK [2][-]{subsection.7.7}{\376\377\000J\000o\000r\000d\000a\000n\150\007\121\306\127\213\166\204\217\333\116\000\153\145\213\250\213\272\124\214\136\224\165\050}{section.7}% 30
\BOOKMARK [2][-]{subsection.7.8}{\376\377\000J\000o\000r\000d\000a\000n\150\007\121\306\127\213\176\303\116\140\230\230}{section.7}% 31
\BOOKMARK [3][-]{subsubsection.7.8.1}{\376\377\000T\000O\000P\000I\000C\000\040\0001}{subsection.7.8}% 32
\BOOKMARK [3][-]{subsubsection.7.8.2}{\376\377\000T\000O\000P\000I\000C\000\040\0002}{subsection.7.8}% 33
\BOOKMARK [3][-]{subsubsection.7.8.3}{\376\377\000T\000O\000P\000I\000C\000\040\0003}{subsection.7.8}% 34
\BOOKMARK [2][-]{subsection.7.9}{\376\377\167\351\226\065\121\375\145\160}{section.7}% 35
